JavaInterviewQuestions/proguard/seeds.txt
com.test.demo.BannerActivity
com.test.demo.BannerActivity: BannerActivity()
com.test.demo.BuildConfig: boolean DEBUG
com.test.demo.MainActivity
com.test.demo.MainActivity: MainActivity()
com.test.demo.MainActivity: void onClick(android.view.View)
com.test.demo.R$attr
com.test.demo.R$attr: int animation
com.test.demo.R$attr: int banner_type
com.test.demo.R$attr: int canShowMR
com.test.demo.R$attr: int placementType
com.test.demo.R$attr: int test_mode
com.test.demo.R$dimen
com.test.demo.R$dimen: int activity_horizontal_margin
com.test.demo.R$dimen: int activity_vertical_margin
com.test.demo.R$drawable
com.test.demo.R$drawable: int airpush_vertical
com.test.demo.R$drawable: int bg
com.test.demo.R$drawable: int design
com.test.demo.R$drawable: int ic_launcher
com.test.demo.R$id
com.test.demo.R$id: int ImageView1
com.test.demo.R$id: int LinearLayout1
com.test.demo.R$id: int RelativeLayout1
com.test.demo.R$id: int TextView1
com.test.demo.R$id: int action_settings
com.test.demo.R$id: int appwall_id
com.test.demo.R$id: int bannerad_id
com.test.demo.R$id: int dynamic_banner_id
com.test.demo.R$id: int landingpage_id
com.test.demo.R$id: int myAdView
com.test.demo.R$id: int overlay_id
com.test.demo.R$id: int richmedia_id
com.test.demo.R$id: int scrollView1
com.test.demo.R$id: int smartwall_id
com.test.demo.R$id: int video_id
com.test.demo.R$layout
com.test.demo.R$layout: int activity_main
com.test.demo.R$layout: int banner
com.test.demo.R$menu
com.test.demo.R$menu: int main
com.test.demo.R$string
com.test.demo.R$string: int action_settings
com.test.demo.R$string: int app_name
com.test.demo.R$string: int hello_world
com.test.demo.R$style
com.test.demo.R$style: int AppBaseTheme
com.test.demo.R$style: int AppTheme
com.test.demo.R$style: int ButtonText
com.test.demo.R$style: int Divider
com.test.demo.R$styleable
com.test.demo.R$styleable: int[] AdView
com.test.demo.R$styleable: int AdView_animation
com.test.demo.R$styleable: int AdView_banner_type
com.test.demo.R$styleable: int AdView_canShowMR
com.test.demo.R$styleable: int AdView_placementType
com.test.demo.R$styleable: int AdView_test_mode
com.yrkfgo.assxqx4.AdActivity
com.yrkfgo.assxqx4.AdActivity: java.lang.String d
com.yrkfgo.assxqx4.AdActivity: java.lang.String TEXT
com.yrkfgo.assxqx4.AdActivity: java.lang.String TITLE
com.yrkfgo.assxqx4.AdActivity: java.lang.String e
com.yrkfgo.assxqx4.AdActivity: android.webkit.WebView f
com.yrkfgo.assxqx4.AdActivity: java.lang.String g
com.yrkfgo.assxqx4.AdActivity: android.content.Intent h
com.yrkfgo.assxqx4.AdActivity: java.lang.String INTENT_ACTION_OVERLAY_AD
com.yrkfgo.assxqx4.AdActivity: java.lang.String INTENT_ACTION_APPWALL_AD
com.yrkfgo.assxqx4.AdActivity: java.lang.String INTENT_ACTION_LANDING_PAGE_AD
com.yrkfgo.assxqx4.AdActivity: java.lang.String INTENT_ACTION_RICH_MEDIA_FULL_PAGE_AD
com.yrkfgo.assxqx4.AdActivity: com.yrkfgo.assxqx4.MV i
com.yrkfgo.assxqx4.AdActivity: com.yrkfgo.assxqx4.AdActivity$AppWall j
com.yrkfgo.assxqx4.AdActivity: com.yrkfgo.assxqx4.AdActivity$a k
com.yrkfgo.assxqx4.AdActivity: boolean l
com.yrkfgo.assxqx4.AdActivity: android.app.ProgressDialog m
com.yrkfgo.assxqx4.AdActivity: com.yrkfgo.assxqx4.m n
com.yrkfgo.assxqx4.AdActivity: com.yrkfgo.assxqx4.AdListener$AdType o
com.yrkfgo.assxqx4.AdActivity: android.app.Dialog a
com.yrkfgo.assxqx4.AdActivity: int p
com.yrkfgo.assxqx4.AdActivity: com.yrkfgo.assxqx4.AdActivity$c q
com.yrkfgo.assxqx4.AdActivity: com.yrkfgo.assxqx4.AdListener$OptinListener r
com.yrkfgo.assxqx4.AdActivity: java.lang.String s
com.yrkfgo.assxqx4.AdActivity: android.os.Handler b
com.yrkfgo.assxqx4.AdActivity$1
com.yrkfgo.assxqx4.AdActivity$1: com.yrkfgo.assxqx4.AdActivity a
com.yrkfgo.assxqx4.AdActivity$1: AdActivity$1(com.yrkfgo.assxqx4.AdActivity)
com.yrkfgo.assxqx4.AdActivity$1: void handleMessage(android.os.Message)