JavaInterviewQuestions/proguard/mapping.txt
com.google.android.gms.maps.internal.m$a -> com.google.android.gms.maps.a.be:
    com.google.android.gms.maps.internal.m X(android.os.IBinder) -> a
    android.os.IBinder asBinder() -> asBinder
    boolean onTransact(int,android.os.Parcel,android.os.Parcel,int) -> onTransact
com.google.android.gms.maps.internal.m$a$a -> com.google.android.gms.maps.a.bf:
    android.os.IBinder dG -> a
    android.os.IBinder asBinder() -> asBinder
    boolean onMyLocationButtonClick() -> a
com.google.android.gms.maps.internal.n -> com.google.android.gms.maps.a.bg:
    void d(com.google.android.gms.dynamic.b) -> a
com.google.android.gms.maps.internal.n$a -> com.google.android.gms.maps.a.bh:
    com.google.android.gms.maps.internal.n Y(android.os.IBinder) -> a
    android.os.IBinder asBinder() -> asBinder
    boolean onTransact(int,android.os.Parcel,android.os.Parcel,int) -> onTransact
com.google.android.gms.maps.internal.n$a$a -> com.google.android.gms.maps.a.bi:
    android.os.IBinder dG -> a
    android.os.IBinder asBinder() -> asBinder
    void d(com.google.android.gms.dynamic.b) -> a
com.google.android.gms.maps.internal.o -> com.google.android.gms.maps.a.bj:
    void onSnapshotReady(android.graphics.Bitmap) -> a
    void c(com.google.android.gms.dynamic.b) -> a
com.google.android.gms.maps.internal.o$a -> com.google.android.gms.maps.a.bk:
    com.google.android.gms.maps.internal.o aa(android.os.IBinder) -> a
    android.os.IBinder asBinder() -> asBinder
    boolean onTransact(int,android.os.Parcel,android.os.Parcel,int) -> onTransact
com.google.android.gms.maps.internal.o$a$a -> com.google.android.gms.maps.a.bl:
    android.os.IBinder dG -> a
    android.os.IBinder asBinder() -> asBinder
    void onSnapshotReady(android.graphics.Bitmap) -> a
    void c(com.google.android.gms.dynamic.b) -> a
com.google.android.gms.maps.internal.q -> com.google.android.gms.maps.a.bm:
    android.content.Context pW -> a
    com.google.android.gms.maps.internal.c pX -> b
    com.google.android.gms.maps.internal.c u(android.content.Context) -> a
    boolean cI() -> a
    java.lang.Class cJ() -> b
    void v(android.content.Context) -> b
    com.google.android.gms.maps.internal.c w(android.content.Context) -> c
    android.content.Context getRemoteContext(android.content.Context) -> d
    java.lang.Object a(java.lang.ClassLoader,java.lang.String) -> a
    java.lang.Object c(java.lang.Class) -> a
com.google.android.gms.maps.internal.r -> com.google.android.gms.maps.a.bn:
    boolean pY -> a
    boolean cK() -> a
com.google.android.gms.maps.model.BitmapDescriptor -> com.google.android.gms.maps.model.a:
    com.google.android.gms.dynamic.b pd -> a
    com.google.android.gms.dynamic.b cs() -> a
com.google.android.gms.maps.model.CameraPosition -> com.google.android.gms.maps.model.CameraPosition:
    com.google.android.gms.maps.model.CameraPositionCreator CREATOR -> CREATOR
    int iM -> e
    com.google.android.gms.maps.model.LatLng target -> a
    float zoom -> b
    float tilt -> c
    float bearing -> d
    void writeToParcel(android.os.Parcel,int) -> writeToParcel
    int describeContents() -> describeContents
    int hashCode() -> hashCode
    int getVersionCode() -> a
    com.google.android.gms.maps.model.CameraPosition$Builder builder() -> b
    boolean equals(java.lang.Object) -> equals
    java.lang.String toString() -> toString
    com.google.android.gms.maps.model.CameraPosition createFromAttributes(android.content.Context,android.util.AttributeSet) -> a