JavaInterviewQuestions/proguard/usage.txt
android.support.v4.widget.ScrollerCompat$ScrollerCompatImplGingerbread:
    166:166:public float getCurrVelocity(java.lang.Object)
    176:177:public void startScroll(java.lang.Object,int,int,int,int)
    188:190:public void fling(java.lang.Object,int,int,int,int,int,int,int,int)
    195:197:public void fling(java.lang.Object,int,int,int,int,int,int,int,int,int,int)
    207:208:public void notifyHorizontalEdgeReached(java.lang.Object,int,int,int)
    212:213:public void notifyVerticalEdgeReached(java.lang.Object,int,int,int)
    217:217:public boolean isOverScrolled(java.lang.Object)
android.support.v4.widget.ScrollerCompat$ScrollerCompatImplIcs:
    234:234:public float getCurrVelocity(java.lang.Object)
android.support.v4.widget.ScrollerCompatGingerbread:
    24:24:ScrollerCompatGingerbread()
    47:48:public static void startScroll(java.lang.Object,int,int,int,int)
    57:58:public static void fling(java.lang.Object,int,int,int,int,int,int,int,int)
    62:64:public static void fling(java.lang.Object,int,int,int,int,int,int,int,int,int,int)
    72:73:public static void notifyHorizontalEdgeReached(java.lang.Object,int,int,int)
    76:77:public static void notifyVerticalEdgeReached(java.lang.Object,int,int,int)
    80:80:public static boolean isOverScrolled(java.lang.Object)
android.support.v4.widget.ScrollerCompatIcs
android.support.v4.widget.SearchViewCompat
android.support.v4.widget.SearchViewCompat$OnCloseListenerCompat
android.support.v4.widget.SearchViewCompat$OnQueryTextListenerCompat
android.support.v4.widget.SearchViewCompat$SearchViewCompatHoneycombImpl
android.support.v4.widget.SearchViewCompat$SearchViewCompatHoneycombImpl$1
android.support.v4.widget.SearchViewCompat$SearchViewCompatHoneycombImpl$2
android.support.v4.widget.SearchViewCompat$SearchViewCompatIcsImpl
android.support.v4.widget.SearchViewCompat$SearchViewCompatImpl
android.support.v4.widget.SearchViewCompat$SearchViewCompatStubImpl
android.support.v4.widget.SearchViewCompatHoneycomb
android.support.v4.widget.SearchViewCompatHoneycomb$1
android.support.v4.widget.SearchViewCompatHoneycomb$2
android.support.v4.widget.SearchViewCompatHoneycomb$OnCloseListenerCompatBridge
android.support.v4.widget.SearchViewCompatHoneycomb$OnQueryTextListenerCompatBridge
android.support.v4.widget.SearchViewCompatIcs:
    26:28:SearchViewCompatIcs()
    43:43:public static android.view.View newSearchView(android.content.Context)
    47:48:public static void setImeOptions(android.view.View,int)
    51:52:public static void setInputType(android.view.View,int)
android.support.v4.widget.SimpleCursorAdapter
android.support.v4.widget.SimpleCursorAdapter$CursorToStringConverter
android.support.v4.widget.SimpleCursorAdapter$ViewBinder
android.support.v4.widget.SlidingPaneLayout:
    848:849:public void smoothSlideOpen()
    866:867:public void smoothSlideClosed()
    895:895:public boolean canSlide()
    1103:1122:protected boolean canScroll(android.view.View,boolean,int,int,int)
android.support.v4.widget.SlidingPaneLayout$LayoutParams:
    1277:1278:public SlidingPaneLayout$LayoutParams(int,int)
    1289:1291:public SlidingPaneLayout$LayoutParams(android.support.v4.widget.SlidingPaneLayout$LayoutParams)
android.support.v4.widget.SlidingPaneLayout$SimplePanelSlideListener
android.support.v4.widget.ViewDragHelper:
    412:412:public float getMinVelocity()
    483:483:public int getActivePointerId()
    690:701:public void flingCapturedView(int,int,int,int)
    908:927:protected boolean canScroll(android.view.View,boolean,int,int,int,int)
    1331:1337:public boolean isEdgeTouched(int)
    1351:1351:public boolean isEdgeTouched(int,int)
com.google.ads.AdRequest:
    private AdRequest()
com.google.ads.AdRequest$ErrorCode